[debug] [2023-02-14T14:04:24.606Z] ----------------------------------------------------------------------
[debug] [2023-02-14T14:04:24.608Z] Command:       /usr/local/Cellar/node/16.4.2/bin/node /usr/local/bin/firebase init
[debug] [2023-02-14T14:04:24.608Z] CLI Version:   11.23.0
[debug] [2023-02-14T14:04:24.608Z] Platform:      darwin
[debug] [2023-02-14T14:04:24.608Z] Node Version:  v16.4.2
[debug] [2023-02-14T14:04:24.609Z] Time:          Tue Feb 14 2023 19:34:24 GMT+0530 (India Standard Time)
[debug] [2023-02-14T14:04:24.609Z] ----------------------------------------------------------------------
[debug] 
[debug] [2023-02-14T14:04:24.611Z] >>> [apiv2][query] GET https://firebase-public.firebaseio.com/cli.json [none]
[debug] [2023-02-14T14:04:24.629Z] > command requires scopes: ["email","openid","https://www.googleapis.com/auth/cloudplatformprojects.readonly","https://www.googleapis.com/auth/firebase","https://www.googleapis.com/auth/cloud-platform"]
[debug] [2023-02-14T14:04:24.629Z] > authorizing via signed-in user (kshitijupmanyu101@gmail.com)
[info] 
     ######## #### ########  ######## ########     ###     ######  ########
     ##        ##  ##     ## ##       ##     ##  ##   ##  ##       ##
     ######    ##  ########  ######   ########  #########  ######  ######
     ##        ##  ##    ##  ##       ##     ## ##     ##       ## ##
     ##       #### ##     ## ######## ########  ##     ##  ######  ########

You're about to initialize a Firebase project in this directory:

  /Users/kshitij/Documents/Reactjs/tesla-clone

[debug] [2023-02-14T14:04:25.446Z] <<< [apiv2][status] GET https://firebase-public.firebaseio.com/cli.json 200
[debug] [2023-02-14T14:04:25.446Z] <<< [apiv2][body] GET https://firebase-public.firebaseio.com/cli.json {"cloudBuildErrorAfter":1594252800000,"cloudBuildWarnAfter":1590019200000,"defaultNode10After":1594252800000,"minVersion":"3.0.5","node8DeploysDisabledAfter":1613390400000,"node8RuntimeDisabledAfter":1615809600000,"node8WarnAfter":1600128000000}
[debug] [2023-02-14T14:05:02.076Z] Error: setRawMode ENOENT
    at ReadStream.setRawMode (node:tty:78:31)
    at Interface._setRawMode (node:readline:399:16)
    at Interface.close (node:readline:583:10)
    at ReadStream.ontermend (node:readline:284:10)
    at ReadStream.emit (node:events:406:35)
    at ReadStream.emit (node:domain:470:12)
    at endReadableNT (node:internal/streams/readable:1329:12)
    at processTicksAndRejections (node:internal/process/task_queues:83:21)
[error] 
[error] Error: An unexpected error has occurred.
[debug] [2023-02-14T14:05:02.080Z] Error: write EIO
    at afterWriteDispatched (node:internal/stream_base_commons:160:15)
    at writeGeneric (node:internal/stream_base_commons:151:3)
    at WriteStream.Socket._writeGeneric (node:net:770:11)
    at WriteStream.Socket._write (node:net:782:8)
    at writeOrBuffer (node:internal/streams/writable:389:12)
    at _write (node:internal/streams/writable:330:10)
    at WriteStream.Writable.write (node:internal/streams/writable:334:10)
    at Console.log (/usr/local/lib/node_modules/firebase-tools/node_modules/winston/lib/winston/transports/console.js:79:23)
    at Console._write (/usr/local/lib/node_modules/firebase-tools/node_modules/winston-transport/index.js:103:17)
    at doWrite (/usr/local/lib/node_modules/firebase-tools/node_modules/winston-transport/node_modules/readable-stream/lib/_stream_writable.js:428:64)
    at writeOrBuffer (/usr/local/lib/node_modules/firebase-tools/node_modules/winston-transport/node_modules/readable-stream/lib/_stream_writable.js:417:5)
    at Console.Writable.write (/usr/local/lib/node_modules/firebase-tools/node_modules/winston-transport/node_modules/readable-stream/lib/_stream_writable.js:334:11)
    at DerivedLogger.ondata (/usr/local/lib/node_modules/firebase-tools/node_modules/readable-stream/lib/_stream_readable.js:681:20)
    at DerivedLogger.emit (node:events:406:35)
    at DerivedLogger.emit (node:domain:470:12)
    at addChunk (/usr/local/lib/node_modules/firebase-tools/node_modules/readable-stream/lib/_stream_readable.js:298:12)
[error] 
[error] Error: An unexpected error has occurred.
[debug] [2023-02-14T14:05:02.093Z] Error: write EIO
    at afterWriteDispatched (node:internal/stream_base_commons:160:15)
    at writeGeneric (node:internal/stream_base_commons:151:3)
    at WriteStream.Socket._writeGeneric (node:net:770:11)
    at WriteStream.Socket._write (node:net:782:8)
    at writeOrBuffer (node:internal/streams/writable:389:12)
    at _write (node:internal/streams/writable:330:10)
    at WriteStream.Writable.write (node:internal/streams/writable:334:10)
    at Object.exports.show (/usr/local/lib/node_modules/firebase-tools/node_modules/cli-cursor/index.js:12:17)
    at CheckboxPrompt.onEnd (/usr/local/lib/node_modules/firebase-tools/node_modules/inquirer/lib/prompts/checkbox.js:154:15)
    at Object.next (/usr/local/lib/node_modules/firebase-tools/node_modules/rxjs/dist/cjs/internal/Observable.js:54:25)
    at ConsumerObserver.next (/usr/local/lib/node_modules/firebase-tools/node_modules/rxjs/dist/cjs/internal/Subscriber.js:113:33)
    at SafeSubscriber.Subscriber._next (/usr/local/lib/node_modules/firebase-tools/node_modules/rxjs/dist/cjs/internal/Subscriber.js:80:26)
    at SafeSubscriber.Subscriber.next (/usr/local/lib/node_modules/firebase-tools/node_modules/rxjs/dist/cjs/internal/Subscriber.js:51:18)
    at /usr/local/lib/node_modules/firebase-tools/node_modules/rxjs/dist/cjs/internal/operators/take.js:15:32
    at OperatorSubscriber._this._next (/usr/local/lib/node_modules/firebase-tools/node_modules/rxjs/dist/cjs/internal/operators/OperatorSubscriber.js:33:21)
    at OperatorSubscriber.Subscriber.next (/usr/local/lib/node_modules/firebase-tools/node_modules/rxjs/dist/cjs/internal/Subscriber.js:51:18)
[error] 
[error] Error: An unexpected error has occurred.
